<?xml version="1.0" encoding="UTF-8"?>
<!-- Generated by org.testng.reporters.JUnitReportReporter -->
<testsuite skipped="0" hostname="Admin-PC" name="package1.TC1" tests="1" failures="0" timestamp="11 Apr 2019 23:15:54 GMT" time="12.606" errors="0">
  <testcase name="ckeckloginfunc" time="12.606" classname="package1.TC1"/>
</testsuite> <!-- package1.TC1 -->
